<?xml version="1.0" encoding="UTF-8"?>
<testng-results ignored="2" total="4" passed="2" failed="0" skipped="0">
  <reporter-output>
  </reporter-output>
  <suite started-at="2023-01-31T11:51:26Z" name="Suite" finished-at="2023-01-31T11:51:43Z" duration-ms="17750">
    <groups>
    </groups>
    <test started-at="2023-01-31T11:51:26Z" name="Test" finished-at="2023-01-31T11:51:43Z" duration-ms="17750">
      <class name="example.example.tests.AkamaiTestNoResultsSearchTest">
        <test-method is-config="true" signature="globalSetup()[pri:0, instance:example.example.tests.AkamaiTestNoResultsSearchTest@5f71c76a]" started-at="2023-01-31T11:51:25Z" name="globalSetup" test-instance-name="Akamai search test" finished-at="2023-01-31T11:51:26Z" duration-ms="172" status="PASS">
          <reporter-output>
          </reporter-output>
        </test-method> <!-- globalSetup -->
        <test-method is-config="true" signature="setup()[pri:0, instance:example.example.tests.AkamaiTestNoResultsSearchTest@5f71c76a]" started-at="2023-01-31T11:51:26Z" name="setup" test-instance-name="Akamai search test" finished-at="2023-01-31T11:51:30Z" duration-ms="4570" status="PASS">
          <reporter-output>
          </reporter-output>
        </test-method> <!-- setup -->
        <test-method signature="akamaiSearchTest()[pri:0, instance:example.example.tests.AkamaiTestNoResultsSearchTest@5f71c76a]" started-at="2023-01-31T11:51:30Z" name="akamaiSearchTest" description="Test description" test-instance-name="Akamai search test" finished-at="2023-01-31T11:51:40Z" duration-ms="10229" status="PASS">
          <reporter-output>
          </reporter-output>
        </test-method> <!-- akamaiSearchTest -->
        <test-method is-config="true" signature="wrapUp()[pri:0, instance:example.example.tests.AkamaiTestNoResultsSearchTest@5f71c76a]" started-at="2023-01-31T11:51:41Z" name="wrapUp" test-instance-name="Akamai search test" finished-at="2023-01-31T11:51:43Z" duration-ms="1878" status="PASS">
          <reporter-output>
          </reporter-output>
        </test-method> <!-- wrapUp -->
        <test-method is-config="true" signature="wrapAllUp(org.testng.ITestContext)[pri:0, instance:example.example.tests.AkamaiTestNoResultsSearchTest@5f71c76a]" started-at="2023-01-31T11:51:44Z" name="wrapAllUp" test-instance-name="Akamai search test" finished-at="2023-01-31T11:51:44Z" duration-ms="2" status="PASS">
          <params>
            <param index="0">
              <value>
                <![CDATA[org.testng.TestRunner@5149d738]]>
              </value>
            </param>
          </params>
          <reporter-output>
          </reporter-output>
        </test-method> <!-- wrapAllUp -->
      </class> <!-- example.example.tests.AkamaiTestNoResultsSearchTest -->
      <class name="example.example.tests.AkamaiTestResultsAvailableSearchTest">
        <test-method is-config="true" signature="setup()[pri:0, instance:example.example.tests.AkamaiTestResultsAvailableSearchTest@1d7acb34]" started-at="2023-01-31T11:51:26Z" name="setup" test-instance-name="Akamai search test" finished-at="2023-01-31T11:51:30Z" duration-ms="4596" status="PASS">
          <reporter-output>
          </reporter-output>
        </test-method> <!-- setup -->
        <test-method signature="akamaiSearchTest()[pri:0, instance:example.example.tests.AkamaiTestResultsAvailableSearchTest@1d7acb34]" started-at="2023-01-31T11:51:30Z" name="akamaiSearchTest" description="Test description" test-instance-name="Akamai search test" finished-at="2023-01-31T11:51:40Z" duration-ms="9795" status="PASS">
          <reporter-output>
          </reporter-output>
        </test-method> <!-- akamaiSearchTest -->
        <test-method is-config="true" signature="wrapUp()[pri:0, instance:example.example.tests.AkamaiTestResultsAvailableSearchTest@1d7acb34]" started-at="2023-01-31T11:51:42Z" name="wrapUp" test-instance-name="Akamai search test" finished-at="2023-01-31T11:51:43Z" duration-ms="1744" status="PASS">
          <reporter-output>
          </reporter-output>
        </test-method> <!-- wrapUp -->
      </class> <!-- example.example.tests.AkamaiTestResultsAvailableSearchTest -->
    </test> <!-- Test -->
  </suite> <!-- Suite -->
</testng-results>
