<?xml version="1.0" encoding="UTF-8"?>
<!-- Generated by org.testng.reporters.JUnitXMLReporter -->
<testsuite ignored="2" hostname="KRK1-LDL-P90139" failures="0" tests="2" name="Test" time="19.744" errors="0" timestamp="31 Jan 2023 17:14:52 GMT">
  <testcase classname="example.example.tests.AkamaiTestResultsAvailableSearchTest" name="Akamai search test" time="8.271"/>
  <testcase classname="example.example.tests.AkamaiTestNoResultsSearchTest" name="Akamai search test" time="8.954"/>
  <testcase classname="example.example.tests.BaseTest" name="@AfterSuite wrapAllUp" time="0.0">
    <ignored/>
  </testcase> <!-- @AfterSuite wrapAllUp -->
  <testcase classname="example.example.tests.BaseTest" name="@BeforeSuite globalSetup" time="0.0">
    <ignored/>
  </testcase> <!-- @BeforeSuite globalSetup -->
</testsuite> <!-- Test -->
